Configuring monad-logger-0.3.13.1...
Building monad-logger-0.3.13.1...
Preprocessing library monad-logger-0.3.13.1...
[1 of 1] Compiling Control.Monad.Logger ( Control/Monad/Logger.hs, dist/dist-sandbox-8578b126/build/Control/Monad/Logger.o )

Control/Monad/Logger.hs:105:1: Warning:
    Module ‘Control.Monad.Trans.Error’ is deprecated:
      Use Control.Monad.Trans.Except instead

Control/Monad/Logger.hs:205:26: Warning:
    In the use of type constructor or class ‘Error’
    (imported from Control.Monad.Trans.Error):
    Deprecated: "Use Control.Monad.Trans.Except instead"

Control/Monad/Logger.hs:205:51: Warning:
    In the use of type constructor or class ‘ErrorT’
    (imported from Control.Monad.Trans.Error):
    Deprecated: "Use Control.Monad.Trans.Except instead"

Control/Monad/Logger.hs:223:28: Warning:
    In the use of type constructor or class ‘Error’
    (imported from Control.Monad.Trans.Error):
    Deprecated: "Use Control.Monad.Trans.Except instead"

Control/Monad/Logger.hs:223:55: Warning:
    In the use of type constructor or class ‘ErrorT’
    (imported from Control.Monad.Trans.Error):
    Deprecated: "Use Control.Monad.Trans.Except instead"
In-place registering monad-logger-0.3.13.1...
Creating package registration file: /tmp/pkgConf-monad-logger-0.3.137599.1
Installing library in
/home/hirofumi/yesod/CowTable1/HDBC/.cabal-sandbox/lib/x86_64-linux-ghc-7.8.4/monad-logger-0.3.13.1
Registering monad-logger-0.3.13.1...
